----------------------------------------------------------------
Thu Nov 14 13:17:55 CET 2019:
Booting Derby version The Apache Software Foundation - Apache Derby - 10.13.1.1 - (1765088): instance a816c00e-016e-69d9-3d56-000004ac8fa8 
on database directory memory:C:\Users\Sofiane\Documents\isticharaDash\testdb with class loader sun.misc.Launcher$AppClassLoader@18b4aac2 
Loaded from file:/C:/Users/Sofiane/.m2/repository/org/apache/derby/derby/10.13.1.1/derby-10.13.1.1.jar
java.vendor=Oracle Corporation
java.runtime.version=1.8.0_65-b17
user.dir=C:\Users\Sofiane\Documents\isticharaDash
os.name=Windows 10
os.arch=amd64
os.version=10.0
derby.system.home=null
Database Class Loader started - derby.database.classpath=''
----------------------------------------------------------------
Thu Nov 14 13:39:22 CET 2019:
Shutting down instance a816c00e-016e-69d9-3d56-000004ac8fa8 on database directory memory:C:\Users\Sofiane\Documents\isticharaDash\testdb with class loader sun.misc.Launcher$AppClassLoader@18b4aac2 
----------------------------------------------------------------
Thu Nov 14 13:39:27 CET 2019:
Booting Derby version The Apache Software Foundation - Apache Derby - 10.13.1.1 - (1765088): instance 109f00b9-016e-69d9-3d56-000004ac8fa8 
on database directory memory:C:\Users\Sofiane\Documents\isticharaDash\testdb with class loader sun.misc.Launcher$AppClassLoader@18b4aac2 
Loaded from file:/C:/Users/Sofiane/.m2/repository/org/apache/derby/derby/10.13.1.1/derby-10.13.1.1.jar
java.vendor=Oracle Corporation
java.runtime.version=1.8.0_65-b17
user.dir=C:\Users\Sofiane\Documents\isticharaDash
os.name=Windows 10
os.arch=amd64
os.version=10.0
derby.system.home=null
Database Class Loader started - derby.database.classpath=''
----------------------------------------------------------------
Thu Nov 14 13:39:27 CET 2019:
Shutting down instance 109f00b9-016e-69d9-3d56-000004ac8fa8 on database directory memory:C:\Users\Sofiane\Documents\isticharaDash\testdb with class loader sun.misc.Launcher$AppClassLoader@18b4aac2 
